2022-09-29T12:18:07+00:00 CRITICAL syntax error, unexpected '<', expecting end of file in C:\xampp\htdocs\marketplace\wp-content\themes\marketplace\functions.php on line 27

2022-09-29T12:19:04+00:00 CRITICAL syntax error, unexpected '<', expecting end of file in C:\xampp\htdocs\marketplace\wp-content\themes\marketplace\functions.php on line 27

2022-09-29T12:20:45+00:00 CRITICAL syntax error, unexpected end of file in C:\xampp\htdocs\marketplace\wp-content\themes\marketplace\functions.php on line 51

2022-09-29T12:36:59+00:00 CRITICAL syntax error, unexpected end of file in C:\xampp\htdocs\marketplace\wp-content\themes\marketplace\functions.php on line 54

2022-09-29T12:37:37+00:00 CRITICAL syntax error, unexpected end of file in C:\xampp\htdocs\marketplace\wp-content\themes\marketplace\functions.php on line 52

2022-09-29T12:37:43+00:00 CRITICAL syntax error, unexpected end of file in C:\xampp\htdocs\marketplace\wp-content\themes\marketplace\functions.php on line 52

2022-09-29T12:55:27+00:00 CRITICAL syntax error, unexpected end of file in C:\xampp\htdocs\marketplace\wp-content\themes\marketplace\functions.php on line 53

2022-09-29T12:55:44+00:00 CRITICAL syntax error, unexpected end of file in C:\xampp\htdocs\marketplace\wp-content\themes\marketplace\functions.php on line 52

2022-09-29T12:55:46+00:00 CRITICAL syntax error, unexpected end of file in C:\xampp\htdocs\marketplace\wp-content\themes\marketplace\functions.php on line 52

2022-09-29T12:56:08+00:00 CRITICAL syntax error, unexpected end of file in C:\xampp\htdocs\marketplace\wp-content\themes\marketplace\functions.php on line 51

2022-09-29T12:56:12+00:00 CRITICAL syntax error, unexpected end of file in C:\xampp\htdocs\marketplace\wp-content\themes\marketplace\functions.php on line 51

2022-09-29T12:56:14+00:00 CRITICAL syntax error, unexpected end of file in C:\xampp\htdocs\marketplace\wp-content\themes\marketplace\functions.php on line 51

2022-09-29T12:58:09+00:00 CRITICAL syntax error, unexpected end of file in C:\xampp\htdocs\marketplace\wp-content\themes\marketplace\functions.php on line 52

2022-09-29T12:58:41+00:00 CRITICAL syntax error, unexpected end of file in C:\xampp\htdocs\marketplace\wp-content\themes\marketplace\functions.php on line 56

2022-09-29T12:58:56+00:00 CRITICAL syntax error, unexpected end of file in C:\xampp\htdocs\marketplace\wp-content\themes\marketplace\functions.php on line 52

2022-09-29T12:59:02+00:00 CRITICAL syntax error, unexpected end of file in C:\xampp\htdocs\marketplace\wp-content\themes\marketplace\functions.php on line 51

2022-09-29T13:01:12+00:00 CRITICAL syntax error, unexpected '}' in C:\xampp\htdocs\marketplace\wp-content\themes\marketplace\functions.php on line 50

2022-09-29T13:20:04+00:00 CRITICAL Cannot redeclare wp_bestseller_product() (previously declared in C:\xampp\htdocs\marketplace\wp-content\themes\marketplace\functions.php:28) in C:\xampp\htdocs\marketplace\wp-content\themes\marketplace\functions.php on line 59

2022-09-29T13:20:45+00:00 CRITICAL Cannot redeclare wp_bestseller_product() (previously declared in C:\xampp\htdocs\marketplace\wp-content\themes\marketplace\functions.php:28) in C:\xampp\htdocs\marketplace\wp-content\themes\marketplace\functions.php on line 59

2022-09-29T13:21:04+00:00 CRITICAL Cannot redeclare wp_bestseller_product() (previously declared in C:\xampp\htdocs\marketplace\wp-content\themes\marketplace\functions.php:28) in C:\xampp\htdocs\marketplace\wp-content\themes\marketplace\functions.php on line 59

2022-09-29T13:21:05+00:00 CRITICAL Cannot redeclare wp_bestseller_product() (previously declared in C:\xampp\htdocs\marketplace\wp-content\themes\marketplace\functions.php:28) in C:\xampp\htdocs\marketplace\wp-content\themes\marketplace\functions.php on line 59

2022-09-29T13:22:46+00:00 CRITICAL Cannot redeclare wp_bestseller_product() (previously declared in C:\xampp\htdocs\marketplace\wp-content\themes\marketplace\functions.php:28) in C:\xampp\htdocs\marketplace\wp-content\themes\marketplace\functions.php on line 59

2022-09-29T13:23:05+00:00 CRITICAL Cannot redeclare wp_bestseller_product() (previously declared in C:\xampp\htdocs\marketplace\wp-content\themes\marketplace\functions.php:28) in C:\xampp\htdocs\marketplace\wp-content\themes\marketplace\functions.php on line 59

2022-09-29T13:23:06+00:00 CRITICAL Cannot redeclare wp_bestseller_product() (previously declared in C:\xampp\htdocs\marketplace\wp-content\themes\marketplace\functions.php:28) in C:\xampp\htdocs\marketplace\wp-content\themes\marketplace\functions.php on line 59

2022-09-29T13:34:35+00:00 CRITICAL syntax error, unexpected 'public' (T_PUBLIC), expecting end of file in C:\xampp\htdocs\marketplace\wp-content\themes\marketplace\functions.php on line 57

2022-09-29T13:35:18+00:00 CRITICAL syntax error, unexpected 'public' (T_PUBLIC), expecting end of file in C:\xampp\htdocs\marketplace\wp-content\themes\marketplace\functions.php on line 57

2022-09-29T13:35:29+00:00 CRITICAL syntax error, unexpected 'public' (T_PUBLIC), expecting end of file in C:\xampp\htdocs\marketplace\wp-content\themes\marketplace\functions.php on line 57

2022-09-29T13:35:35+00:00 CRITICAL syntax error, unexpected 'public' (T_PUBLIC), expecting end of file in C:\xampp\htdocs\marketplace\wp-content\themes\marketplace\functions.php on line 57

2022-09-29T13:37:36+00:00 CRITICAL syntax error, unexpected 'public' (T_PUBLIC), expecting end of file in C:\xampp\htdocs\marketplace\wp-content\themes\marketplace\functions.php on line 86

2022-09-29T13:40:26+00:00 CRITICAL syntax error, unexpected '<', expecting end of file in C:\xampp\htdocs\marketplace\wp-content\themes\marketplace\functions.php on line 58

2022-09-29T13:40:27+00:00 CRITICAL syntax error, unexpected '<', expecting end of file in C:\xampp\htdocs\marketplace\wp-content\themes\marketplace\functions.php on line 58

2022-09-29T14:08:28+00:00 CRITICAL Uncaught Error: Call to undefined function wc_get_loop_prop() in C:\xampp\htdocs\marketplace\wp-content\themes\marketplace\functions.php:76
Stack trace:
#0 C:\xampp\htdocs\marketplace\wp-settings.php(566): include()
#1 C:\xampp\htdocs\marketplace\wp-config.php(96): require_once('C:\\xampp\\htdocs...')
#2 C:\xampp\htdocs\marketplace\wp-load.php(50): require_once('C:\\xampp\\htdocs...')
#3 C:\xampp\htdocs\marketplace\wp-admin\admin-ajax.php(22): require_once('C:\\xampp\\htdocs...')
#4 {main}
  thrown in C:\xampp\htdocs\marketplace\wp-content\themes\marketplace\functions.php on line 76

2022-09-29T14:08:46+00:00 CRITICAL syntax error, unexpected end of file in C:\xampp\htdocs\marketplace\wp-content\themes\marketplace\functions.php on line 90

2022-09-29T16:27:13+00:00 CRITICAL Cannot redeclare wp_customizable_disposable_product() (previously declared in C:\xampp\htdocs\marketplace\wp-content\themes\marketplace\functions.php:61) in C:\xampp\htdocs\marketplace\wp-content\themes\marketplace\functions.php on line 91

2022-09-29T16:29:30+00:00 CRITICAL Cannot redeclare wp_medicines_pharmaceutical_products() (previously declared in C:\xampp\htdocs\marketplace\wp-content\themes\marketplace\functions.php:93) in C:\xampp\htdocs\marketplace\wp-content\themes\marketplace\functions.php on line 123

2022-09-29T16:30:15+00:00 CRITICAL Cannot redeclare wp_medicines_pharmaceutical_products() (previously declared in C:\xampp\htdocs\marketplace\wp-content\themes\marketplace\functions.php:93) in C:\xampp\htdocs\marketplace\wp-content\themes\marketplace\functions.php on line 123

2022-09-29T16:30:35+00:00 CRITICAL Cannot redeclare wp_medicines_pharmaceutical_products() (previously declared in C:\xampp\htdocs\marketplace\wp-content\themes\marketplace\functions.php:93) in C:\xampp\htdocs\marketplace\wp-content\themes\marketplace\functions.php on line 123

2022-09-29T16:31:31+00:00 CRITICAL Cannot redeclare wp_medicines_pharmaceutical_products() (previously declared in C:\xampp\htdocs\marketplace\wp-content\themes\marketplace\functions.php:93) in C:\xampp\htdocs\marketplace\wp-content\themes\marketplace\functions.php on line 123

2022-09-29T16:32:14+00:00 CRITICAL Cannot redeclare wp_medicines_pharmaceutical_products() (previously declared in C:\xampp\htdocs\marketplace\wp-content\themes\marketplace\functions.php:93) in C:\xampp\htdocs\marketplace\wp-content\themes\marketplace\functions.php on line 123

2022-09-29T16:32:31+00:00 CRITICAL Cannot redeclare wp_medicines_pharmaceutical_products() (previously declared in C:\xampp\htdocs\marketplace\wp-content\themes\marketplace\functions.php:93) in C:\xampp\htdocs\marketplace\wp-content\themes\marketplace\functions.php on line 123

